TN:
SF:src\client\REST\sampleRESTClient.ts
FN:6,(anonymous_7)
FNF:1
FNH:1
FNDA:1,(anonymous_7)
DA:1,1
DA:2,1
DA:3,1
DA:5,1
DA:7,1
DA:9,1
DA:11,1
DA:13,0
DA:14,0
DA:17,1
DA:18,1
LF:11
LH:9
BRF:0
BRH:0
end_of_record
TN:
SF:src\client\service\sampleServiceClient.ts
FN:8,(anonymous_7)
FN:12,(anonymous_8)
FNF:2
FNH:2
FNDA:1,(anonymous_7)
FNDA:1,(anonymous_8)
DA:1,1
DA:2,1
DA:3,1
DA:5,1
DA:9,1
DA:13,1
DA:15,1
DA:16,1
DA:18,0
DA:19,0
DA:22,1
DA:23,1
LF:12
LH:10
BRF:0
BRH:0
end_of_record
TN:
SF:src\handler\sampleHandler.ts
FN:9,(anonymous_7)
FN:13,(anonymous_8)
FNF:2
FNH:2
FNDA:1,(anonymous_7)
FNDA:1,(anonymous_8)
DA:2,1
DA:3,1
DA:4,1
DA:6,1
DA:10,1
DA:14,1
DA:16,1
DA:18,1
DA:20,1
DA:22,0
DA:24,0
DA:27,1
DA:29,1
DA:31,1
DA:33,0
LF:15
LH:12
BRDA:29,0,0,1
BRF:1
BRH:1
end_of_record
TN:
SF:src\service\sampleService.ts
FN:8,(anonymous_7)
FN:12,(anonymous_8)
FN:44,(anonymous_10)
FN:56,(anonymous_11)
FNF:4
FNH:3
FNDA:1,(anonymous_7)
FNDA:1,(anonymous_8)
FNDA:1,(anonymous_10)
FNDA:0,(anonymous_11)
DA:1,1
DA:2,1
DA:3,1
DA:5,1
DA:9,1
DA:13,1
DA:15,1
DA:18,1
DA:20,1
DA:23,1
DA:25,0
DA:28,0
DA:30,0
DA:32,0
DA:35,1
DA:37,1
DA:38,0
DA:40,1
DA:45,1
DA:48,1
DA:49,1
DA:51,0
DA:52,0
DA:57,0
DA:60,0
DA:61,0
DA:63,0
DA:64,0
LF:28
LH:16
BRDA:37,0,0,0
BRF:1
BRH:0
end_of_record
TN:
SF:utils\logger.ts
FN:7,(anonymous_0)
FNF:1
FNH:1
FNDA:10,(anonymous_0)
DA:1,1
DA:3,1
DA:8,10
DA:17,1
LF:4
LH:4
BRF:0
BRH:0
end_of_record
TN:
SF:utils\Exceptions\CustomErrors.ts
FN:4,(anonymous_0)
FN:15,(anonymous_1)
FN:26,(anonymous_2)
FN:37,(anonymous_3)
FNF:4
FNH:3
FNDA:1,(anonymous_0)
FNDA:0,(anonymous_1)
FNDA:2,(anonymous_2)
FNDA:1,(anonymous_3)
DA:1,1
DA:4,1
DA:5,1
DA:6,1
DA:7,1
DA:8,1
DA:12,1
DA:15,0
DA:16,0
DA:17,0
DA:18,0
DA:19,0
DA:23,1
DA:26,2
DA:27,2
DA:28,2
DA:29,2
DA:30,2
DA:34,1
DA:37,1
DA:38,1
DA:39,1
DA:40,1
DA:41,1
LF:24
LH:19
BRDA:4,0,0,0
BRDA:15,1,0,0
BRDA:26,2,0,0
BRDA:37,3,0,0
BRF:4
BRH:0
end_of_record
