TN:
SF:src\client\REST\sampleRESTClient.ts
FN:6,(anonymous_7)
FNF:1
FNH:1
FNDA:1,(anonymous_7)
DA:1,1
DA:2,1
DA:3,1
DA:5,1
DA:7,1
DA:9,1
DA:11,1
DA:13,1
DA:14,1
DA:17,0
DA:18,0
LF:11
LH:9
BRF:0
BRH:0
end_of_record
TN:
SF:src\client\service\sampleServiceClient.ts
FN:8,(anonymous_7)
FN:12,(anonymous_8)
FNF:2
FNH:2
FNDA:1,(anonymous_7)
FNDA:1,(anonymous_8)
DA:1,1
DA:2,1
DA:3,1
DA:5,1
DA:9,1
DA:13,1
DA:15,1
DA:16,1
DA:18,1
DA:19,1
DA:22,0
DA:23,0
LF:12
LH:10
BRF:0
BRH:0
end_of_record
TN:
SF:src\handler\sampleHandler.ts
FN:9,(anonymous_7)
FN:13,(anonymous_8)
FNF:2
FNH:2
FNDA:1,(anonymous_7)
FNDA:1,(anonymous_8)
DA:2,1
DA:3,1
DA:4,1
DA:6,1
DA:10,1
DA:14,1
DA:16,1
DA:18,1
DA:20,1
DA:22,1
DA:24,1
DA:27,0
DA:29,0
DA:31,0
DA:33,0
LF:15
LH:11
BRDA:29,0,0,0
BRF:1
BRH:0
end_of_record
TN:
SF:src\service\sampleService.ts
FN:8,(anonymous_7)
FN:12,(anonymous_8)
FN:44,(anonymous_10)
FN:56,(anonymous_11)
FNF:4
FNH:4
FNDA:1,(anonymous_7)
FNDA:1,(anonymous_8)
FNDA:1,(anonymous_10)
FNDA:1,(anonymous_11)
DA:1,1
DA:2,1
DA:3,1
DA:5,1
DA:9,1
DA:13,1
DA:15,1
DA:18,1
DA:20,1
DA:23,1
DA:25,1
DA:28,1
DA:30,1
DA:32,1
DA:35,0
DA:37,0
DA:38,0
DA:40,0
DA:45,1
DA:48,1
DA:49,1
DA:51,0
DA:52,0
DA:57,1
DA:60,1
DA:61,1
DA:63,0
DA:64,0
LF:28
LH:20
BRDA:37,0,0,0
BRF:1
BRH:0
end_of_record
TN:
SF:utils\logger.ts
FN:7,(anonymous_0)
FNF:1
FNH:1
FNDA:12,(anonymous_0)
DA:1,1
DA:3,1
DA:8,12
DA:17,1
LF:4
LH:4
BRF:0
BRH:0
end_of_record
TN:
SF:utils\Exceptions\CustomErrors.ts
FN:4,(anonymous_0)
FN:15,(anonymous_1)
FN:26,(anonymous_2)
FN:37,(anonymous_3)
FNF:4
FNH:0
FNDA:0,(anonymous_0)
FNDA:0,(anonymous_1)
FNDA:0,(anonymous_2)
FNDA:0,(anonymous_3)
DA:1,1
DA:4,0
DA:5,0
DA:6,0
DA:7,0
DA:8,0
DA:12,1
DA:15,0
DA:16,0
DA:17,0
DA:18,0
DA:19,0
DA:23,1
DA:26,0
DA:27,0
DA:28,0
DA:29,0
DA:30,0
DA:34,1
DA:37,0
DA:38,0
DA:39,0
DA:40,0
DA:41,0
LF:24
LH:4
BRDA:4,0,0,0
BRDA:15,1,0,0
BRDA:26,2,0,0
BRDA:37,3,0,0
BRF:4
BRH:0
end_of_record
